# JRE version: OpenJDK Runtime Environment (11.0.10) (build 11.0.10+0-b96-7249189)
# Java VM: OpenJDK 64-Bit Server VM (11.0.10+0-b96-7249189, mixed mode, tiered, compressed oops, g1 gc, windows-amd64)
Heap:
 garbage-first heap   total 260096K, used 127179K [0x00000000a0000000, 0x0000000100000000)
  region size 1024K, 98 young (100352K), 8 survivors (8192K)
 Metaspace       used 43323K, capacity 44442K, committed 44588K, reserved 1087488K
  class space    used 5526K, capacity 5920K, committed 6016K, reserved 1048576K
GC Heap History (8 events):
Event: 0.440 GC heap before
{Heap before GC invocations=0 (full 0):
 garbage-first heap   total 260096K, used 29696K [0x00000000a0000000, 0x0000000100000000)
  region size 1024K, 24 young (24576K), 0 survivors (0K)
 Metaspace       used 10630K, capacity 10922K, committed 11008K, reserved 1058816K
  class space    used 1124K, capacity 1197K, committed 1280K, reserved 1048576K
}
Event: 0.443 GC heap after
{Heap after GC invocations=1 (full 0):
 garbage-first heap   total 260096K, used 8838K [0x00000000a0000000, 0x0000000100000000)
  region size 1024K, 3 young (3072K), 3 survivors (3072K)
 Metaspace       used 10630K, capacity 10922K, committed 11008K, reserved 1058816K
  class space    used 1124K, capacity 1197K, committed 1280K, reserved 1048576K
}
Event: 1.435 GC heap before
{Heap before GC invocations=1 (full 0):
 garbage-first heap   total 260096K, used 89734K [0x00000000a0000000, 0x0000000100000000)
  region size 1024K, 83 young (84992K), 3 survivors (3072K)
 Metaspace       used 20520K, capacity 21029K, committed 21248K, reserved 1069056K
  class space    used 2415K, capacity 2547K, committed 2560K, reserved 1048576K
}
Event: 1.441 GC heap after
{Heap after GC invocations=2 (full 0):
 garbage-first heap   total 260096K, used 15877K [0x00000000a0000000, 0x0000000100000000)
  region size 1024K, 10 young (10240K), 10 survivors (10240K)
 Metaspace       used 20520K, capacity 21029K, committed 21248K, reserved 1069056K
  class space    used 2415K, capacity 2547K, committed 2560K, reserved 1048576K
}
Event: 2.074 GC heap before
{Heap before GC invocations=3 (full 0):
 garbage-first heap   total 260096K, used 81413K [0x00000000a0000000, 0x0000000100000000)
  region size 1024K, 64 young (65536K), 10 survivors (10240K)
 Metaspace       used 26559K, capacity 27319K, committed 27520K, reserved 1073152K
  class space    used 3391K, capacity 3648K, committed 3712K, reserved 1048576K
}
Event: 2.079 GC heap after
{Heap after GC invocations=4 (full 0):
 garbage-first heap   total 260096K, used 31196K [0x00000000a0000000, 0x0000000100000000)
  region size 1024K, 6 young (6144K), 6 survivors (6144K)
 Metaspace       used 26559K, capacity 27319K, committed 27520K, reserved 1073152K
  class space    used 3391K, capacity 3648K, committed 3712K, reserved 1048576K
}
Event: 2.459 GC heap before
{Heap before GC invocations=4 (full 0):
 garbage-first heap   total 260096K, used 75228K [0x00000000a0000000, 0x0000000100000000)
  region size 1024K, 50 young (51200K), 6 survivors (6144K)
 Metaspace       used 34780K, capacity 35503K, committed 35628K, reserved 1081344K
  class space    used 4430K, capacity 4718K, committed 4736K, reserved 1048576K
}
Event: 2.465 GC heap after
{Heap after GC invocations=5 (full 0):
 garbage-first heap   total 260096K, used 33995K [0x00000000a0000000, 0x0000000100000000)
  region size 1024K, 8 young (8192K), 8 survivors (8192K)
 Metaspace       used 34780K, capacity 35503K, committed 35628K, reserved 1081344K
  class space    used 4430K, capacity 4718K, committed 4736K, reserved 1048576K
}

