# JRE version: OpenJDK Runtime Environment (11.0.10) (build 11.0.10+0-b96-7249189)
# Java VM: OpenJDK 64-Bit Server VM (11.0.10+0-b96-7249189, mixed mode, tiered, compressed oops, g1 gc, windows-amd64)
Heap:
 garbage-first heap   total 260096K, used 119479K [0x00000000a0000000, 0x0000000100000000)
  region size 1024K, 101 young (103424K), 10 survivors (10240K)
 Metaspace       used 53531K, capacity 54803K, committed 55032K, reserved 1097728K
  class space    used 6792K, capacity 7224K, committed 7244K, reserved 1048576K
GC Heap History (10 events):
Event: 1.227 GC heap before
{Heap before GC invocations=0 (full 0):
 garbage-first heap   total 260096K, used 29696K [0x00000000a0000000, 0x0000000100000000)
  region size 1024K, 24 young (24576K), 0 survivors (0K)
 Metaspace       used 10488K, capacity 10751K, committed 11008K, reserved 1058816K
  class space    used 1104K, capacity 1161K, committed 1280K, reserved 1048576K
}
Event: 1.229 GC heap after
{Heap after GC invocations=1 (full 0):
 garbage-first heap   total 260096K, used 8748K [0x00000000a0000000, 0x0000000100000000)
  region size 1024K, 3 young (3072K), 3 survivors (3072K)
 Metaspace       used 10488K, capacity 10751K, committed 11008K, reserved 1058816K
  class space    used 1104K, capacity 1161K, committed 1280K, reserved 1048576K
}
Event: 2.628 GC heap before
{Heap before GC invocations=1 (full 0):
 garbage-first heap   total 260096K, used 89644K [0x00000000a0000000, 0x0000000100000000)
  region size 1024K, 83 young (84992K), 3 survivors (3072K)
 Metaspace       used 20636K, capacity 21100K, committed 21248K, reserved 1069056K
  class space    used 2426K, capacity 2543K, committed 2560K, reserved 1048576K
}
Event: 2.634 GC heap after
{Heap after GC invocations=2 (full 0):
 garbage-first heap   total 260096K, used 15641K [0x00000000a0000000, 0x0000000100000000)
  region size 1024K, 10 young (10240K), 10 survivors (10240K)
 Metaspace       used 20636K, capacity 21100K, committed 21248K, reserved 1069056K
  class space    used 2426K, capacity 2543K, committed 2560K, reserved 1048576K
}
Event: 3.205 GC heap before
{Heap before GC invocations=3 (full 0):
 garbage-first heap   total 260096K, used 70937K [0x00000000a0000000, 0x0000000100000000)
  region size 1024K, 64 young (65536K), 10 survivors (10240K)
 Metaspace       used 26886K, capacity 27517K, committed 27776K, reserved 1073152K
  class space    used 3455K, capacity 3645K, committed 3712K, reserved 1048576K
}
Event: 3.210 GC heap after
{Heap after GC invocations=4 (full 0):
 garbage-first heap   total 260096K, used 17849K [0x00000000a0000000, 0x0000000100000000)
  region size 1024K, 3 young (3072K), 3 survivors (3072K)
 Metaspace       used 26886K, capacity 27517K, committed 27776K, reserved 1073152K
  class space    used 3455K, capacity 3645K, committed 3712K, reserved 1048576K
}
Event: 3.747 GC heap before
{Heap before GC invocations=4 (full 0):
 garbage-first heap   total 260096K, used 55737K [0x00000000a0000000, 0x0000000100000000)
  region size 1024K, 42 young (43008K), 3 survivors (3072K)
 Metaspace       used 34866K, capacity 35551K, committed 35628K, reserved 1081344K
  class space    used 4453K, capacity 4706K, committed 4736K, reserved 1048576K
}
Event: 3.753 GC heap after
{Heap after GC invocations=5 (full 0):
 garbage-first heap   total 260096K, used 20547K [0x00000000a0000000, 0x0000000100000000)
  region size 1024K, 6 young (6144K), 6 survivors (6144K)
 Metaspace       used 34866K, capacity 35551K, committed 35628K, reserved 1081344K
  class space    used 4453K, capacity 4706K, committed 4736K, reserved 1048576K
}
Event: 4.605 GC heap before
{Heap before GC invocations=6 (full 0):
 garbage-first heap   total 260096K, used 126019K [0x00000000a0000000, 0x0000000100000000)
  region size 1024K, 106 young (108544K), 6 survivors (6144K)
 Metaspace       used 42942K, capacity 43955K, committed 44280K, reserved 1087488K
  class space    used 5527K, capacity 5859K, committed 5964K, reserved 1048576K
}
Event: 4.611 GC heap after
{Heap after GC invocations=7 (full 0):
 garbage-first heap   total 260096K, used 25271K [0x00000000a0000000, 0x0000000100000000)
  region size 1024K, 10 young (10240K), 10 survivors (10240K)
 Metaspace       used 42942K, capacity 43955K, committed 44280K, reserved 1087488K
  class space    used 5527K, capacity 5859K, committed 5964K, reserved 1048576K
}

